# JRE version: Java(TM) SE Runtime Environment (17.0.12+8) (build 17.0.12+8-LTS-286)
# Java VM: Java HotSpot(TM) 64-Bit Server VM (17.0.12+8-LTS-286, mixed mode, sharing, tiered, compressed oops, compressed class ptrs, g1 gc, windows-amd64)
GC Precious Log:
 CPUs: 12 total, 12 available
 Memory: 7863M
 Large Page Support: Disabled
 NUMA Support: Disabled
 Compressed Oops: Enabled (32-bit)
 Heap Region Size: 1M
 Heap Min Capacity: 8M
 Heap Initial Capacity: 124M
 Heap Max Capacity: 1536M
 Pre-touch: Disabled
 Parallel Workers: 10
 Concurrent Workers: 3
 Concurrent Refinement Workers: 10
 Periodic GC: Disabled
Heap:
 garbage-first heap   total 242688K, used 186882K [0x00000000a0000000, 0x0000000100000000)
  region size 1024K, 4 young (4096K), 4 survivors (4096K)
 Metaspace       used 111617K, committed 113216K, reserved 557056K
  class space    used 15757K, committed 16512K, reserved 425984K
GC Heap History (20 events):
Event: 38.184 GC heap after
{Heap after GC invocations=60 (full 0):
 garbage-first heap   total 242688K, used 162012K [0x00000000a0000000, 0x0000000100000000)
  region size 1024K, 6 young (6144K), 6 survivors (6144K)
 Metaspace       used 110764K, committed 112256K, reserved 557056K
  class space    used 15653K, committed 16384K, reserved 425984K
}
Event: 38.693 GC heap before
{Heap before GC invocations=60 (full 0):
 garbage-first heap   total 242688K, used 199900K [0x00000000a0000000, 0x0000000100000000)
  region size 1024K, 44 young (45056K), 6 survivors (6144K)
 Metaspace       used 110917K, committed 112384K, reserved 557056K
  class space    used 15664K, committed 16384K, reserved 425984K
}
Event: 38.701 GC heap after
{Heap after GC invocations=61 (full 0):
 garbage-first heap   total 242688K, used 167141K [0x00000000a0000000, 0x0000000100000000)
  region size 1024K, 5 young (5120K), 5 survivors (5120K)
 Metaspace       used 110917K, committed 112384K, reserved 557056K
  class space    used 15664K, committed 16384K, reserved 425984K
}
Event: 38.863 GC heap before
{Heap before GC invocations=61 (full 0):
 garbage-first heap   total 242688K, used 200933K [0x00000000a0000000, 0x0000000100000000)
  region size 1024K, 39 young (39936K), 5 survivors (5120K)
 Metaspace       used 110918K, committed 112384K, reserved 557056K
  class space    used 15664K, committed 16384K, reserved 425984K
}
Event: 38.868 GC heap after
{Heap after GC invocations=62 (full 0):
 garbage-first heap   total 242688K, used 168125K [0x00000000a0000000, 0x0000000100000000)
  region size 1024K, 3 young (3072K), 3 survivors (3072K)
 Metaspace       used 110918K, committed 112384K, reserved 557056K
  class space    used 15664K, committed 16384K, reserved 425984K
}
Event: 39.068 GC heap before
{Heap before GC invocations=62 (full 0):
 garbage-first heap   total 242688K, used 202941K [0x00000000a0000000, 0x0000000100000000)
  region size 1024K, 38 young (38912K), 3 survivors (3072K)
 Metaspace       used 110918K, committed 112384K, reserved 557056K
  class space    used 15664K, committed 16384K, reserved 425984K
}
Event: 39.073 GC heap after
{Heap after GC invocations=63 (full 0):
 garbage-first heap   total 242688K, used 168814K [0x00000000a0000000, 0x0000000100000000)
  region size 1024K, 4 young (4096K), 4 survivors (4096K)
 Metaspace       used 110918K, committed 112384K, reserved 557056K
  class space    used 15664K, committed 16384K, reserved 425984K
}
Event: 39.271 GC heap before
{Heap before GC invocations=63 (full 0):
 garbage-first heap   total 242688K, used 203630K [0x00000000a0000000, 0x0000000100000000)
  region size 1024K, 39 young (39936K), 4 survivors (4096K)
 Metaspace       used 110918K, committed 112384K, reserved 557056K
  class space    used 15664K, committed 16384K, reserved 425984K
}
Event: 39.276 GC heap after
{Heap after GC invocations=64 (full 0):
 garbage-first heap   total 242688K, used 169495K [0x00000000a0000000, 0x0000000100000000)
  region size 1024K, 4 young (4096K), 4 survivors (4096K)
 Metaspace       used 110918K, committed 112384K, reserved 557056K
  class space    used 15664K, committed 16384K, reserved 425984K
}
Event: 39.988 GC heap before
{Heap before GC invocations=64 (full 0):
 garbage-first heap   total 242688K, used 209431K [0x00000000a0000000, 0x0000000100000000)
  region size 1024K, 39 young (39936K), 4 survivors (4096K)
 Metaspace       used 111194K, committed 112704K, reserved 557056K
  class space    used 15696K, committed 16448K, reserved 425984K
}
Event: 39.997 GC heap after
{Heap after GC invocations=65 (full 0):
 garbage-first heap   total 242688K, used 181638K [0x00000000a0000000, 0x0000000100000000)
  region size 1024K, 5 young (5120K), 5 survivors (5120K)
 Metaspace       used 111194K, committed 112704K, reserved 557056K
  class space    used 15696K, committed 16448K, reserved 425984K
}
Event: 40.248 GC heap before
{Heap before GC invocations=65 (full 0):
 garbage-first heap   total 242688K, used 203142K [0x00000000a0000000, 0x0000000100000000)
  region size 1024K, 27 young (27648K), 5 survivors (5120K)
 Metaspace       used 111366K, committed 112960K, reserved 557056K
  class space    used 15720K, committed 16448K, reserved 425984K
}
Event: 40.252 GC heap after
{Heap after GC invocations=66 (full 0):
 garbage-first heap   total 242688K, used 183525K [0x00000000a0000000, 0x0000000100000000)
  region size 1024K, 4 young (4096K), 4 survivors (4096K)
 Metaspace       used 111366K, committed 112960K, reserved 557056K
  class space    used 15720K, committed 16448K, reserved 425984K
}
Event: 40.345 GC heap before
{Heap before GC invocations=66 (full 0):
 garbage-first heap   total 242688K, used 202981K [0x00000000a0000000, 0x0000000100000000)
  region size 1024K, 24 young (24576K), 4 survivors (4096K)
 Metaspace       used 111366K, committed 112960K, reserved 557056K
  class space    used 15720K, committed 16448K, reserved 425984K
}
Event: 40.349 GC heap after
{Heap after GC invocations=67 (full 0):
 garbage-first heap   total 242688K, used 184084K [0x00000000a0000000, 0x0000000100000000)
  region size 1024K, 3 young (3072K), 3 survivors (3072K)
 Metaspace       used 111366K, committed 112960K, reserved 557056K
  class space    used 15720K, committed 16448K, reserved 425984K
}
Event: 40.456 GC heap before
{Heap before GC invocations=67 (full 0):
 garbage-first heap   total 242688K, used 204564K [0x00000000a0000000, 0x0000000100000000)
  region size 1024K, 24 young (24576K), 3 survivors (3072K)
 Metaspace       used 111366K, committed 112960K, reserved 557056K
  class space    used 15720K, committed 16448K, reserved 425984K
}
Event: 40.459 GC heap after
{Heap after GC invocations=68 (full 0):
 garbage-first heap   total 242688K, used 184410K [0x00000000a0000000, 0x0000000100000000)
  region size 1024K, 3 young (3072K), 3 survivors (3072K)
 Metaspace       used 111366K, committed 112960K, reserved 557056K
  class space    used 15720K, committed 16448K, reserved 425984K
}
Event: 40.576 GC heap before
{Heap before GC invocations=68 (full 0):
 garbage-first heap   total 242688K, used 205914K [0x00000000a0000000, 0x0000000100000000)
  region size 1024K, 25 young (25600K), 3 survivors (3072K)
 Metaspace       used 111366K, committed 112960K, reserved 557056K
  class space    used 15720K, committed 16448K, reserved 425984K
}
Event: 40.580 GC heap after
{Heap after GC invocations=69 (full 0):
 garbage-first heap   total 242688K, used 184776K [0x00000000a0000000, 0x0000000100000000)
  region size 1024K, 3 young (3072K), 3 survivors (3072K)
 Metaspace       used 111366K, committed 112960K, reserved 557056K
  class space    used 15720K, committed 16448K, reserved 425984K
}
Event: 40.910 GC heap before
{Heap before GC invocations=69 (full 0):
 garbage-first heap   total 242688K, used 206280K [0x00000000a0000000, 0x0000000100000000)
  region size 1024K, 25 young (25600K), 3 survivors (3072K)
 Metaspace       used 111617K, committed 113216K, reserved 557056K
  class space    used 15757K, committed 16512K, reserved 425984K
}

