# JRE version: Java(TM) SE Runtime Environment (17.0.12+8) (build 17.0.12+8-LTS-286)
# Java VM: Java HotSpot(TM) 64-Bit Server VM (17.0.12+8-LTS-286, mixed mode, sharing, tiered, compressed oops, compressed class ptrs, parallel gc, windows-amd64)
GC Precious Log:
 CPUs: 12 total, 12 available
 Memory: 7863M
 Large Page Support: Disabled
 NUMA Support: Disabled
 Compressed Oops: Enabled (32-bit)
 Alignments: Space 512K, Generation 512K, Heap 2M
 Heap Min Capacity: 8M
 Heap Initial Capacity: 124M
 Heap Max Capacity: 2G
 Pre-touch: Disabled
 Parallel Workers: 10
Heap:
 PSYoungGen      total 416256K, used 90687K [0x00000000d5580000, 0x00000000f5800000, 0x0000000100000000)
  eden space 346112K, 26% used [0x00000000d5580000,0x00000000dae0fdd0,0x00000000ea780000)
  from space 70144K, 0% used [0x00000000ea780000,0x00000000ea780000,0x00000000eec00000)
  to   space 71168K, 0% used [0x00000000f1280000,0x00000000f1280000,0x00000000f5800000)
 ParOldGen       total 343552K, used 324821K [0x0000000080000000, 0x0000000094f80000, 0x00000000d5580000)
  object space 343552K, 94% used [0x0000000080000000,0x0000000093d357a8,0x0000000094f80000)
 Metaspace       used 163179K, committed 166272K, reserved 622592K
  class space    used 21945K, committed 23232K, reserved 425984K
GC Heap History (20 events):
Event: 207.982 GC heap before
{Heap before GC invocations=64 (full 6):
 PSYoungGen      total 286208K, used 255754K [0x00000000d5580000, 0x00000000eb500000, 0x0000000100000000)
  eden space 233984K, 100% used [0x00000000d5580000,0x00000000e3a00000,0x00000000e3a00000)
  from space 52224K, 41% used [0x00000000e3a00000,0x00000000e4f42880,0x00000000e6d00000)
  to   space 49664K, 0% used [0x00000000e8480000,0x00000000e8480000,0x00000000eb500000)
 ParOldGen       total 343552K, used 253476K [0x0000000080000000, 0x0000000094f80000, 0x00000000d5580000)
  object space 343552K, 73% used [0x0000000080000000,0x000000008f7893c8,0x0000000094f80000)
 Metaspace       used 164065K, committed 166528K, reserved 622592K
  class space    used 21992K, committed 23168K, reserved 425984K
}
Event: 208.017 GC heap after
{Heap after GC invocations=64 (full 6):
 PSYoungGen      total 305152K, used 11251K [0x00000000d5580000, 0x00000000eb200000, 0x0000000100000000)
  eden space 258560K, 0% used [0x00000000d5580000,0x00000000d5580000,0x00000000e5200000)
  from space 46592K, 24% used [0x00000000e8480000,0x00000000e8f7ce18,0x00000000eb200000)
  to   space 49152K, 0% used [0x00000000e5200000,0x00000000e5200000,0x00000000e8200000)
 ParOldGen       total 343552K, used 260912K [0x0000000080000000, 0x0000000094f80000, 0x00000000d5580000)
  object space 343552K, 75% used [0x0000000080000000,0x000000008fecc1a0,0x0000000094f80000)
 Metaspace       used 164065K, committed 166528K, reserved 622592K
  class space    used 21992K, committed 23168K, reserved 425984K
}
Event: 210.976 GC heap before
{Heap before GC invocations=65 (full 6):
 PSYoungGen      total 305152K, used 269811K [0x00000000d5580000, 0x00000000eb200000, 0x0000000100000000)
  eden space 258560K, 100% used [0x00000000d5580000,0x00000000e5200000,0x00000000e5200000)
  from space 46592K, 24% used [0x00000000e8480000,0x00000000e8f7ce18,0x00000000eb200000)
  to   space 49152K, 0% used [0x00000000e5200000,0x00000000e5200000,0x00000000e8200000)
 ParOldGen       total 343552K, used 260912K [0x0000000080000000, 0x0000000094f80000, 0x00000000d5580000)
  object space 343552K, 75% used [0x0000000080000000,0x000000008fecc1a0,0x0000000094f80000)
 Metaspace       used 164182K, committed 166720K, reserved 622592K
  class space    used 22006K, committed 23168K, reserved 425984K
}
Event: 211.031 GC heap after
{Heap after GC invocations=65 (full 6):
 PSYoungGen      total 307712K, used 12773K [0x00000000d5580000, 0x00000000eca80000, 0x0000000100000000)
  eden space 258560K, 0% used [0x00000000d5580000,0x00000000d5580000,0x00000000e5200000)
  from space 49152K, 25% used [0x00000000e5200000,0x00000000e5e79740,0x00000000e8200000)
  to   space 48128K, 0% used [0x00000000e9b80000,0x00000000e9b80000,0x00000000eca80000)
 ParOldGen       total 343552K, used 266350K [0x0000000080000000, 0x0000000094f80000, 0x00000000d5580000)
  object space 343552K, 77% used [0x0000000080000000,0x000000009041bb20,0x0000000094f80000)
 Metaspace       used 164182K, committed 166720K, reserved 622592K
  class space    used 22006K, committed 23168K, reserved 425984K
}
Event: 212.956 GC heap before
{Heap before GC invocations=66 (full 6):
 PSYoungGen      total 307712K, used 271333K [0x00000000d5580000, 0x00000000eca80000, 0x0000000100000000)
  eden space 258560K, 100% used [0x00000000d5580000,0x00000000e5200000,0x00000000e5200000)
  from space 49152K, 25% used [0x00000000e5200000,0x00000000e5e79740,0x00000000e8200000)
  to   space 48128K, 0% used [0x00000000e9b80000,0x00000000e9b80000,0x00000000eca80000)
 ParOldGen       total 343552K, used 266350K [0x0000000080000000, 0x0000000094f80000, 0x00000000d5580000)
  object space 343552K, 77% used [0x0000000080000000,0x000000009041bb20,0x0000000094f80000)
 Metaspace       used 164203K, committed 166720K, reserved 622592K
  class space    used 22008K, committed 23168K, reserved 425984K
}
Event: 212.988 GC heap after
{Heap after GC invocations=66 (full 6):
 PSYoungGen      total 328704K, used 18474K [0x00000000d5580000, 0x00000000ec580000, 0x0000000100000000)
  eden space 285696K, 0% used [0x00000000d5580000,0x00000000d5580000,0x00000000e6c80000)
  from space 43008K, 42% used [0x00000000e9b80000,0x00000000ead8a8b8,0x00000000ec580000)
  to   space 45568K, 0% used [0x00000000e6c80000,0x00000000e6c80000,0x00000000e9900000)
 ParOldGen       total 343552K, used 268006K [0x0000000080000000, 0x0000000094f80000, 0x00000000d5580000)
  object space 343552K, 78% used [0x0000000080000000,0x00000000905b9b20,0x0000000094f80000)
 Metaspace       used 164203K, committed 166720K, reserved 622592K
  class space    used 22008K, committed 23168K, reserved 425984K
}
Event: 215.189 GC heap before
{Heap before GC invocations=67 (full 6):
 PSYoungGen      total 328704K, used 304170K [0x00000000d5580000, 0x00000000ec580000, 0x0000000100000000)
  eden space 285696K, 100% used [0x00000000d5580000,0x00000000e6c80000,0x00000000e6c80000)
  from space 43008K, 42% used [0x00000000e9b80000,0x00000000ead8a8b8,0x00000000ec580000)
  to   space 45568K, 0% used [0x00000000e6c80000,0x00000000e6c80000,0x00000000e9900000)
 ParOldGen       total 343552K, used 268006K [0x0000000080000000, 0x0000000094f80000, 0x00000000d5580000)
  object space 343552K, 78% used [0x0000000080000000,0x00000000905b9b20,0x0000000094f80000)
 Metaspace       used 164267K, committed 166848K, reserved 622592K
  class space    used 22020K, committed 23232K, reserved 425984K
}
Event: 215.238 GC heap after
{Heap after GC invocations=67 (full 6):
 PSYoungGen      total 331264K, used 43556K [0x00000000d5580000, 0x00000000ef000000, 0x0000000100000000)
  eden space 285696K, 0% used [0x00000000d5580000,0x00000000d5580000,0x00000000e6c80000)
  from space 45568K, 95% used [0x00000000e6c80000,0x00000000e97090b0,0x00000000e9900000)
  to   space 51712K, 0% used [0x00000000ebd80000,0x00000000ebd80000,0x00000000ef000000)
 ParOldGen       total 343552K, used 268142K [0x0000000080000000, 0x0000000094f80000, 0x00000000d5580000)
  object space 343552K, 78% used [0x0000000080000000,0x00000000905dbb20,0x0000000094f80000)
 Metaspace       used 164267K, committed 166848K, reserved 622592K
  class space    used 22020K, committed 23232K, reserved 425984K
}
Event: 217.144 GC heap before
{Heap before GC invocations=68 (full 6):
 PSYoungGen      total 331264K, used 329252K [0x00000000d5580000, 0x00000000ef000000, 0x0000000100000000)
  eden space 285696K, 100% used [0x00000000d5580000,0x00000000e6c80000,0x00000000e6c80000)
  from space 45568K, 95% used [0x00000000e6c80000,0x00000000e97090b0,0x00000000e9900000)
  to   space 51712K, 0% used [0x00000000ebd80000,0x00000000ebd80000,0x00000000ef000000)
 ParOldGen       total 343552K, used 268142K [0x0000000080000000, 0x0000000094f80000, 0x00000000d5580000)
  object space 343552K, 78% used [0x0000000080000000,0x00000000905dbb20,0x0000000094f80000)
 Metaspace       used 164410K, committed 166976K, reserved 622592K
  class space    used 22032K, committed 23232K, reserved 425984K
}
Event: 217.207 GC heap after
{Heap after GC invocations=68 (full 6):
 PSYoungGen      total 357888K, used 51708K [0x00000000d5580000, 0x00000000f0780000, 0x0000000100000000)
  eden space 306176K, 0% used [0x00000000d5580000,0x00000000d5580000,0x00000000e8080000)
  from space 51712K, 99% used [0x00000000ebd80000,0x00000000eefff3a0,0x00000000ef000000)
  to   space 62464K, 0% used [0x00000000e8080000,0x00000000e8080000,0x00000000ebd80000)
 ParOldGen       total 343552K, used 276947K [0x0000000080000000, 0x0000000094f80000, 0x00000000d5580000)
  object space 343552K, 80% used [0x0000000080000000,0x0000000090e74e78,0x0000000094f80000)
 Metaspace       used 164410K, committed 166976K, reserved 622592K
  class space    used 22032K, committed 23232K, reserved 425984K
}
Event: 219.364 GC heap before
{Heap before GC invocations=69 (full 6):
 PSYoungGen      total 357888K, used 357884K [0x00000000d5580000, 0x00000000f0780000, 0x0000000100000000)
  eden space 306176K, 100% used [0x00000000d5580000,0x00000000e8080000,0x00000000e8080000)
  from space 51712K, 99% used [0x00000000ebd80000,0x00000000eefff3a0,0x00000000ef000000)
  to   space 62464K, 0% used [0x00000000e8080000,0x00000000e8080000,0x00000000ebd80000)
 ParOldGen       total 343552K, used 276947K [0x0000000080000000, 0x0000000094f80000, 0x00000000d5580000)
  object space 343552K, 80% used [0x0000000080000000,0x0000000090e74e78,0x0000000094f80000)
 Metaspace       used 164468K, committed 167040K, reserved 622592K
  class space    used 22035K, committed 23232K, reserved 425984K
}
Event: 219.443 GC heap after
{Heap after GC invocations=69 (full 6):
 PSYoungGen      total 368640K, used 62454K [0x00000000d5580000, 0x00000000f3400000, 0x0000000100000000)
  eden space 306176K, 0% used [0x00000000d5580000,0x00000000d5580000,0x00000000e8080000)
  from space 62464K, 99% used [0x00000000e8080000,0x00000000ebd7dad0,0x00000000ebd80000)
  to   space 72704K, 0% used [0x00000000eed00000,0x00000000eed00000,0x00000000f3400000)
 ParOldGen       total 343552K, used 277955K [0x0000000080000000, 0x0000000094f80000, 0x00000000d5580000)
  object space 343552K, 80% used [0x0000000080000000,0x0000000090f70e78,0x0000000094f80000)
 Metaspace       used 164468K, committed 167040K, reserved 622592K
  class space    used 22035K, committed 23232K, reserved 425984K
}
Event: 221.674 GC heap before
{Heap before GC invocations=70 (full 6):
 PSYoungGen      total 368640K, used 368630K [0x00000000d5580000, 0x00000000f3400000, 0x0000000100000000)
  eden space 306176K, 100% used [0x00000000d5580000,0x00000000e8080000,0x00000000e8080000)
  from space 62464K, 99% used [0x00000000e8080000,0x00000000ebd7dad0,0x00000000ebd80000)
  to   space 72704K, 0% used [0x00000000eed00000,0x00000000eed00000,0x00000000f3400000)
 ParOldGen       total 343552K, used 277955K [0x0000000080000000, 0x0000000094f80000, 0x00000000d5580000)
  object space 343552K, 80% used [0x0000000080000000,0x0000000090f70e78,0x0000000094f80000)
 Metaspace       used 164561K, committed 167104K, reserved 622592K
  class space    used 22041K, committed 23232K, reserved 425984K
}
Event: 221.758 GC heap after
{Heap after GC invocations=70 (full 6):
 PSYoungGen      total 415232K, used 35016K [0x00000000d5580000, 0x00000000f3080000, 0x0000000100000000)
  eden space 346112K, 0% used [0x00000000d5580000,0x00000000d5580000,0x00000000ea780000)
  from space 69120K, 50% used [0x00000000eed00000,0x00000000f0f320b0,0x00000000f3080000)
  to   space 70144K, 0% used [0x00000000ea780000,0x00000000ea780000,0x00000000eec00000)
 ParOldGen       total 343552K, used 305404K [0x0000000080000000, 0x0000000094f80000, 0x00000000d5580000)
  object space 343552K, 88% used [0x0000000080000000,0x0000000092a3f0d8,0x0000000094f80000)
 Metaspace       used 164561K, committed 167104K, reserved 622592K
  class space    used 22041K, committed 23232K, reserved 425984K
}
Event: 223.928 GC heap before
{Heap before GC invocations=71 (full 6):
 PSYoungGen      total 415232K, used 381128K [0x00000000d5580000, 0x00000000f3080000, 0x0000000100000000)
  eden space 346112K, 100% used [0x00000000d5580000,0x00000000ea780000,0x00000000ea780000)
  from space 69120K, 50% used [0x00000000eed00000,0x00000000f0f320b0,0x00000000f3080000)
  to   space 70144K, 0% used [0x00000000ea780000,0x00000000ea780000,0x00000000eec00000)
 ParOldGen       total 343552K, used 305404K [0x0000000080000000, 0x0000000094f80000, 0x00000000d5580000)
  object space 343552K, 88% used [0x0000000080000000,0x0000000092a3f0d8,0x0000000094f80000)
 Metaspace       used 164587K, committed 167168K, reserved 622592K
  class space    used 22046K, committed 23232K, reserved 425984K
}
Event: 225.097 GC heap after
{Heap after GC invocations=71 (full 6):
 PSYoungGen      total 416256K, used 3392K [0x00000000d5580000, 0x00000000f3080000, 0x0000000100000000)
  eden space 346112K, 0% used [0x00000000d5580000,0x00000000d5580000,0x00000000ea780000)
  from space 70144K, 4% used [0x00000000ea780000,0x00000000eaad0000,0x00000000eec00000)
  to   space 69120K, 0% used [0x00000000eed00000,0x00000000eed00000,0x00000000f3080000)
 ParOldGen       total 343552K, used 337228K [0x0000000080000000, 0x0000000094f80000, 0x00000000d5580000)
  object space 343552K, 98% used [0x0000000080000000,0x0000000094953250,0x0000000094f80000)
 Metaspace       used 164587K, committed 167168K, reserved 622592K
  class space    used 22046K, committed 23232K, reserved 425984K
}
Event: 225.097 GC heap before
{Heap before GC invocations=72 (full 7):
 PSYoungGen      total 416256K, used 3392K [0x00000000d5580000, 0x00000000f3080000, 0x0000000100000000)
  eden space 346112K, 0% used [0x00000000d5580000,0x00000000d5580000,0x00000000ea780000)
  from space 70144K, 4% used [0x00000000ea780000,0x00000000eaad0000,0x00000000eec00000)
  to   space 69120K, 0% used [0x00000000eed00000,0x00000000eed00000,0x00000000f3080000)
 ParOldGen       total 343552K, used 337228K [0x0000000080000000, 0x0000000094f80000, 0x00000000d5580000)
  object space 343552K, 98% used [0x0000000080000000,0x0000000094953250,0x0000000094f80000)
 Metaspace       used 164587K, committed 167168K, reserved 622592K
  class space    used 22046K, committed 23232K, reserved 425984K
}
Event: 231.999 GC heap after
{Heap after GC invocations=72 (full 7):
 PSYoungGen      total 415232K, used 0K [0x00000000d5580000, 0x00000000f3080000, 0x0000000100000000)
  eden space 346112K, 0% used [0x00000000d5580000,0x00000000d5580000,0x00000000ea780000)
  from space 69120K, 0% used [0x00000000eed00000,0x00000000eed00000,0x00000000f3080000)
  to   space 70144K, 0% used [0x00000000ea780000,0x00000000ea780000,0x00000000eec00000)
 ParOldGen       total 343552K, used 326571K [0x0000000080000000, 0x0000000094f80000, 0x00000000d5580000)
  object space 343552K, 95% used [0x0000000080000000,0x0000000093eeaf80,0x0000000094f80000)
 Metaspace       used 163177K, committed 166272K, reserved 622592K
  class space    used 21943K, committed 23232K, reserved 425984K
}
Event: 233.724 GC heap before
{Heap before GC invocations=73 (full 8):
 PSYoungGen      total 415232K, used 346112K [0x00000000d5580000, 0x00000000f3080000, 0x0000000100000000)
  eden space 346112K, 100% used [0x00000000d5580000,0x00000000ea780000,0x00000000ea780000)
  from space 69120K, 0% used [0x00000000eed00000,0x00000000eed00000,0x00000000f3080000)
  to   space 70144K, 0% used [0x00000000ea780000,0x00000000ea780000,0x00000000eec00000)
 ParOldGen       total 343552K, used 326571K [0x0000000080000000, 0x0000000094f80000, 0x00000000d5580000)
  object space 343552K, 95% used [0x0000000080000000,0x0000000093eeaf80,0x0000000094f80000)
 Metaspace       used 163179K, committed 166272K, reserved 622592K
  class space    used 21945K, committed 23232K, reserved 425984K
}
Event: 238.212 GC heap after
{Heap after GC invocations=73 (full 8):
 PSYoungGen      total 416256K, used 0K [0x00000000d5580000, 0x00000000f5800000, 0x0000000100000000)
  eden space 346112K, 0% used [0x00000000d5580000,0x00000000d5580000,0x00000000ea780000)
  from space 70144K, 0% used [0x00000000ea780000,0x00000000ea780000,0x00000000eec00000)
  to   space 71168K, 0% used [0x00000000f1280000,0x00000000f1280000,0x00000000f5800000)
 ParOldGen       total 343552K, used 324821K [0x0000000080000000, 0x0000000094f80000, 0x00000000d5580000)
  object space 343552K, 94% used [0x0000000080000000,0x0000000093d357a8,0x0000000094f80000)
 Metaspace       used 163179K, committed 166272K, reserved 622592K
  class space    used 21945K, committed 23232K, reserved 425984K
}

