# JRE version: Java(TM) SE Runtime Environment (17.0.12+8) (build 17.0.12+8-LTS-286)
# Java VM: Java HotSpot(TM) 64-Bit Server VM (17.0.12+8-LTS-286, mixed mode, sharing, tiered, compressed oops, compressed class ptrs, parallel gc, windows-amd64)
GC Precious Log:
 CPUs: 12 total, 12 available
 Memory: 7863M
 Large Page Support: Disabled
 NUMA Support: Disabled
 Compressed Oops: Enabled (32-bit)
 Alignments: Space 512K, Generation 512K, Heap 2M
 Heap Min Capacity: 8M
 Heap Initial Capacity: 124M
 Heap Max Capacity: 2G
 Pre-touch: Disabled
 Parallel Workers: 10
Heap:
 PSYoungGen      total 562688K, used 64246K [0x00000000d5580000, 0x00000000ff400000, 0x0000000100000000)
  eden space 448000K, 7% used [0x00000000d5580000,0x00000000d742f090,0x00000000f0b00000)
  from space 114688K, 28% used [0x00000000f8400000,0x00000000fa40ea60,0x00000000ff400000)
  to   space 119296K, 0% used [0x00000000f0b00000,0x00000000f0b00000,0x00000000f7f80000)
 ParOldGen       total 487936K, used 428689K [0x0000000080000000, 0x000000009dc80000, 0x00000000d5580000)
  object space 487936K, 87% used [0x0000000080000000,0x000000009a2a4438,0x000000009dc80000)
 Metaspace       used 149166K, committed 151552K, reserved 557056K
  class space    used 20422K, committed 21568K, reserved 425984K
GC Heap History (20 events):
Event: 194.129 GC heap before
{Heap before GC invocations=85 (full 6):
 PSYoungGen      total 623104K, used 586370K [0x00000000d5580000, 0x0000000100000000, 0x0000000100000000)
  eden space 545280K, 100% used [0x00000000d5580000,0x00000000f6a00000,0x00000000f6a00000)
  from space 77824K, 52% used [0x00000000fb400000,0x00000000fdc20818,0x0000000100000000)
  to   space 75776K, 0% used [0x00000000f6a00000,0x00000000f6a00000,0x00000000fb400000)
 ParOldGen       total 402944K, used 357142K [0x0000000080000000, 0x0000000098980000, 0x00000000d5580000)
  object space 402944K, 88% used [0x0000000080000000,0x0000000095cc5b50,0x0000000098980000)
 Metaspace       used 141288K, committed 143616K, reserved 557056K
  class space    used 19566K, committed 20672K, reserved 425984K
}
Event: 194.166 GC heap after
{Heap after GC invocations=85 (full 6):
 PSYoungGen      total 585728K, used 40328K [0x00000000d5580000, 0x00000000ff900000, 0x0000000100000000)
  eden space 545280K, 0% used [0x00000000d5580000,0x00000000d5580000,0x00000000f6a00000)
  from space 40448K, 99% used [0x00000000f6a00000,0x00000000f91620a8,0x00000000f9180000)
  to   space 73216K, 0% used [0x00000000fb180000,0x00000000fb180000,0x00000000ff900000)
 ParOldGen       total 402944K, used 357374K [0x0000000080000000, 0x0000000098980000, 0x00000000d5580000)
  object space 402944K, 88% used [0x0000000080000000,0x0000000095cffb50,0x0000000098980000)
 Metaspace       used 141288K, committed 143616K, reserved 557056K
  class space    used 19566K, committed 20672K, reserved 425984K
}
Event: 196.415 GC heap before
{Heap before GC invocations=86 (full 6):
 PSYoungGen      total 585728K, used 585608K [0x00000000d5580000, 0x00000000ff900000, 0x0000000100000000)
  eden space 545280K, 100% used [0x00000000d5580000,0x00000000f6a00000,0x00000000f6a00000)
  from space 40448K, 99% used [0x00000000f6a00000,0x00000000f91620a8,0x00000000f9180000)
  to   space 73216K, 0% used [0x00000000fb180000,0x00000000fb180000,0x00000000ff900000)
 ParOldGen       total 402944K, used 357374K [0x0000000080000000, 0x0000000098980000, 0x00000000d5580000)
  object space 402944K, 88% used [0x0000000080000000,0x0000000095cffb50,0x0000000098980000)
 Metaspace       used 141324K, committed 143616K, reserved 557056K
  class space    used 19566K, committed 20672K, reserved 425984K
}
Event: 196.481 GC heap after
{Heap after GC invocations=86 (full 6):
 PSYoungGen      total 621568K, used 34653K [0x00000000d5580000, 0x0000000100000000, 0x0000000100000000)
  eden space 548352K, 0% used [0x00000000d5580000,0x00000000d5580000,0x00000000f6d00000)
  from space 73216K, 47% used [0x00000000fb180000,0x00000000fd357598,0x00000000ff900000)
  to   space 70144K, 0% used [0x00000000f6d00000,0x00000000f6d00000,0x00000000fb180000)
 ParOldGen       total 402944K, used 361434K [0x0000000080000000, 0x0000000098980000, 0x00000000d5580000)
  object space 402944K, 89% used [0x0000000080000000,0x00000000960f6a38,0x0000000098980000)
 Metaspace       used 141324K, committed 143616K, reserved 557056K
  class space    used 19566K, committed 20672K, reserved 425984K
}
Event: 198.368 GC heap before
{Heap before GC invocations=87 (full 6):
 PSYoungGen      total 621568K, used 583005K [0x00000000d5580000, 0x0000000100000000, 0x0000000100000000)
  eden space 548352K, 100% used [0x00000000d5580000,0x00000000f6d00000,0x00000000f6d00000)
  from space 73216K, 47% used [0x00000000fb180000,0x00000000fd357598,0x00000000ff900000)
  to   space 70144K, 0% used [0x00000000f6d00000,0x00000000f6d00000,0x00000000fb180000)
 ParOldGen       total 402944K, used 361434K [0x0000000080000000, 0x0000000098980000, 0x00000000d5580000)
  object space 402944K, 89% used [0x0000000080000000,0x00000000960f6a38,0x0000000098980000)
 Metaspace       used 141333K, committed 143616K, reserved 557056K
  class space    used 19567K, committed 20672K, reserved 425984K
}
Event: 198.414 GC heap after
{Heap after GC invocations=87 (full 6):
 PSYoungGen      total 618496K, used 12470K [0x00000000d5580000, 0x00000000ffe00000, 0x0000000100000000)
  eden space 548352K, 0% used [0x00000000d5580000,0x00000000d5580000,0x00000000f6d00000)
  from space 70144K, 17% used [0x00000000f6d00000,0x00000000f792da30,0x00000000fb180000)
  to   space 70656K, 0% used [0x00000000fb900000,0x00000000fb900000,0x00000000ffe00000)
 ParOldGen       total 402944K, used 379205K [0x0000000080000000, 0x0000000098980000, 0x00000000d5580000)
  object space 402944K, 94% used [0x0000000080000000,0x0000000097251588,0x0000000098980000)
 Metaspace       used 141333K, committed 143616K, reserved 557056K
  class space    used 19567K, committed 20672K, reserved 425984K
}
Event: 209.212 GC heap before
{Heap before GC invocations=88 (full 6):
 PSYoungGen      total 618496K, used 560435K [0x00000000d5580000, 0x00000000ffe00000, 0x0000000100000000)
  eden space 548352K, 99% used [0x00000000d5580000,0x00000000f6c9f3d8,0x00000000f6d00000)
  from space 70144K, 17% used [0x00000000f6d00000,0x00000000f792da30,0x00000000fb180000)
  to   space 70656K, 0% used [0x00000000fb900000,0x00000000fb900000,0x00000000ffe00000)
 ParOldGen       total 402944K, used 379205K [0x0000000080000000, 0x0000000098980000, 0x00000000d5580000)
  object space 402944K, 94% used [0x0000000080000000,0x0000000097251588,0x0000000098980000)
 Metaspace       used 145025K, committed 147392K, reserved 557056K
  class space    used 19939K, committed 21056K, reserved 425984K
}
Event: 209.234 GC heap after
{Heap after GC invocations=88 (full 6):
 PSYoungGen      total 608768K, used 70216K [0x00000000d5580000, 0x0000000100000000, 0x0000000100000000)
  eden space 538112K, 0% used [0x00000000d5580000,0x00000000d5580000,0x00000000f6300000)
  from space 70656K, 99% used [0x00000000fb900000,0x00000000ffd92028,0x00000000ffe00000)
  to   space 80384K, 0% used [0x00000000f6300000,0x00000000f6300000,0x00000000fb180000)
 ParOldGen       total 402944K, used 379881K [0x0000000080000000, 0x0000000098980000, 0x00000000d5580000)
  object space 402944K, 94% used [0x0000000080000000,0x00000000972fa5e8,0x0000000098980000)
 Metaspace       used 145025K, committed 147392K, reserved 557056K
  class space    used 19939K, committed 21056K, reserved 425984K
}
Event: 212.207 GC heap before
{Heap before GC invocations=89 (full 6):
 PSYoungGen      total 608768K, used 608328K [0x00000000d5580000, 0x0000000100000000, 0x0000000100000000)
  eden space 538112K, 100% used [0x00000000d5580000,0x00000000f6300000,0x00000000f6300000)
  from space 70656K, 99% used [0x00000000fb900000,0x00000000ffd92028,0x00000000ffe00000)
  to   space 80384K, 0% used [0x00000000f6300000,0x00000000f6300000,0x00000000fb180000)
 ParOldGen       total 402944K, used 379881K [0x0000000080000000, 0x0000000098980000, 0x00000000d5580000)
  object space 402944K, 94% used [0x0000000080000000,0x00000000972fa5e8,0x0000000098980000)
 Metaspace       used 145668K, committed 148032K, reserved 557056K
  class space    used 20021K, committed 21120K, reserved 425984K
}
Event: 212.382 GC heap after
{Heap after GC invocations=89 (full 6):
 PSYoungGen      total 618496K, used 80372K [0x00000000d5580000, 0x0000000100000000, 0x0000000100000000)
  eden space 538112K, 0% used [0x00000000d5580000,0x00000000d5580000,0x00000000f6300000)
  from space 80384K, 99% used [0x00000000f6300000,0x00000000fb17d3a8,0x00000000fb180000)
  to   space 80384K, 0% used [0x00000000fb180000,0x00000000fb180000,0x0000000100000000)
 ParOldGen       total 487936K, used 487871K [0x0000000080000000, 0x000000009dc80000, 0x00000000d5580000)
  object space 487936K, 99% used [0x0000000080000000,0x000000009dc6fec0,0x000000009dc80000)
 Metaspace       used 145668K, committed 148032K, reserved 557056K
  class space    used 20021K, committed 21120K, reserved 425984K
}
Event: 212.383 GC heap before
{Heap before GC invocations=90 (full 7):
 PSYoungGen      total 618496K, used 80372K [0x00000000d5580000, 0x0000000100000000, 0x0000000100000000)
  eden space 538112K, 0% used [0x00000000d5580000,0x00000000d5580000,0x00000000f6300000)
  from space 80384K, 99% used [0x00000000f6300000,0x00000000fb17d3a8,0x00000000fb180000)
  to   space 80384K, 0% used [0x00000000fb180000,0x00000000fb180000,0x0000000100000000)
 ParOldGen       total 487936K, used 487871K [0x0000000080000000, 0x000000009dc80000, 0x00000000d5580000)
  object space 487936K, 99% used [0x0000000080000000,0x000000009dc6fec0,0x000000009dc80000)
 Metaspace       used 145668K, committed 148032K, reserved 557056K
  class space    used 20021K, committed 21120K, reserved 425984K
}
Event: 216.369 GC heap after
{Heap after GC invocations=90 (full 7):
 PSYoungGen      total 515072K, used 0K [0x00000000d5580000, 0x0000000100000000, 0x0000000100000000)
  eden space 434688K, 0% used [0x00000000d5580000,0x00000000d5580000,0x00000000efe00000)
  from space 80384K, 0% used [0x00000000fb180000,0x00000000fb180000,0x0000000100000000)
  to   space 132096K, 0% used [0x00000000efe00000,0x00000000efe00000,0x00000000f7f00000)
 ParOldGen       total 487936K, used 428665K [0x0000000080000000, 0x000000009dc80000, 0x00000000d5580000)
  object space 487936K, 87% used [0x0000000080000000,0x000000009a29e438,0x000000009dc80000)
 Metaspace       used 145668K, committed 148032K, reserved 557056K
  class space    used 20021K, committed 21120K, reserved 425984K
}
Event: 218.026 GC heap before
{Heap before GC invocations=91 (full 7):
 PSYoungGen      total 515072K, used 434688K [0x00000000d5580000, 0x0000000100000000, 0x0000000100000000)
  eden space 434688K, 100% used [0x00000000d5580000,0x00000000efe00000,0x00000000efe00000)
  from space 80384K, 0% used [0x00000000fb180000,0x00000000fb180000,0x0000000100000000)
  to   space 132096K, 0% used [0x00000000efe00000,0x00000000efe00000,0x00000000f7f00000)
 ParOldGen       total 487936K, used 428665K [0x0000000080000000, 0x000000009dc80000, 0x00000000d5580000)
  object space 487936K, 87% used [0x0000000080000000,0x000000009a29e438,0x000000009dc80000)
 Metaspace       used 145736K, committed 148096K, reserved 557056K
  class space    used 20025K, committed 21120K, reserved 425984K
}
Event: 218.059 GC heap after
{Heap after GC invocations=91 (full 7):
 PSYoungGen      total 566784K, used 70897K [0x00000000d5580000, 0x0000000100000000, 0x0000000100000000)
  eden space 434688K, 0% used [0x00000000d5580000,0x00000000d5580000,0x00000000efe00000)
  from space 132096K, 53% used [0x00000000efe00000,0x00000000f433c5f0,0x00000000f7f00000)
  to   space 131072K, 0% used [0x00000000f8000000,0x00000000f8000000,0x0000000100000000)
 ParOldGen       total 487936K, used 428673K [0x0000000080000000, 0x000000009dc80000, 0x00000000d5580000)
  object space 487936K, 87% used [0x0000000080000000,0x000000009a2a0438,0x000000009dc80000)
 Metaspace       used 145736K, committed 148096K, reserved 557056K
  class space    used 20025K, committed 21120K, reserved 425984K
}
Event: 223.961 GC heap before
{Heap before GC invocations=92 (full 7):
 PSYoungGen      total 566784K, used 505585K [0x00000000d5580000, 0x0000000100000000, 0x0000000100000000)
  eden space 434688K, 100% used [0x00000000d5580000,0x00000000efe00000,0x00000000efe00000)
  from space 132096K, 53% used [0x00000000efe00000,0x00000000f433c5f0,0x00000000f7f00000)
  to   space 131072K, 0% used [0x00000000f8000000,0x00000000f8000000,0x0000000100000000)
 ParOldGen       total 487936K, used 428673K [0x0000000080000000, 0x000000009dc80000, 0x00000000d5580000)
  object space 487936K, 87% used [0x0000000080000000,0x000000009a2a0438,0x000000009dc80000)
 Metaspace       used 145984K, committed 148288K, reserved 557056K
  class space    used 20052K, committed 21120K, reserved 425984K
}
Event: 223.986 GC heap after
{Heap after GC invocations=92 (full 7):
 PSYoungGen      total 558592K, used 29597K [0x00000000d5580000, 0x00000000ff800000, 0x0000000100000000)
  eden space 435712K, 0% used [0x00000000d5580000,0x00000000d5580000,0x00000000eff00000)
  from space 122880K, 24% used [0x00000000f8000000,0x00000000f9ce74b0,0x00000000ff800000)
  to   space 127488K, 0% used [0x00000000eff00000,0x00000000eff00000,0x00000000f7b80000)
 ParOldGen       total 487936K, used 428681K [0x0000000080000000, 0x000000009dc80000, 0x00000000d5580000)
  object space 487936K, 87% used [0x0000000080000000,0x000000009a2a2438,0x000000009dc80000)
 Metaspace       used 145984K, committed 148288K, reserved 557056K
  class space    used 20052K, committed 21120K, reserved 425984K
}
Event: 225.855 GC heap before
{Heap before GC invocations=93 (full 7):
 PSYoungGen      total 558592K, used 465309K [0x00000000d5580000, 0x00000000ff800000, 0x0000000100000000)
  eden space 435712K, 100% used [0x00000000d5580000,0x00000000eff00000,0x00000000eff00000)
  from space 122880K, 24% used [0x00000000f8000000,0x00000000f9ce74b0,0x00000000ff800000)
  to   space 127488K, 0% used [0x00000000eff00000,0x00000000eff00000,0x00000000f7b80000)
 ParOldGen       total 487936K, used 428681K [0x0000000080000000, 0x000000009dc80000, 0x00000000d5580000)
  object space 487936K, 87% used [0x0000000080000000,0x000000009a2a2438,0x000000009dc80000)
 Metaspace       used 146021K, committed 148352K, reserved 557056K
  class space    used 20057K, committed 21184K, reserved 425984K
}
Event: 225.903 GC heap after
{Heap after GC invocations=93 (full 7):
 PSYoungGen      total 563200K, used 31403K [0x00000000d5580000, 0x00000000ffc80000, 0x0000000100000000)
  eden space 435712K, 0% used [0x00000000d5580000,0x00000000d5580000,0x00000000eff00000)
  from space 127488K, 24% used [0x00000000eff00000,0x00000000f1daae78,0x00000000f7b80000)
  to   space 123392K, 0% used [0x00000000f8400000,0x00000000f8400000,0x00000000ffc80000)
 ParOldGen       total 487936K, used 428681K [0x0000000080000000, 0x000000009dc80000, 0x00000000d5580000)
  object space 487936K, 87% used [0x0000000080000000,0x000000009a2a2438,0x000000009dc80000)
 Metaspace       used 146021K, committed 148352K, reserved 557056K
  class space    used 20057K, committed 21184K, reserved 425984K
}
Event: 239.869 GC heap before
{Heap before GC invocations=94 (full 7):
 PSYoungGen      total 563200K, used 467115K [0x00000000d5580000, 0x00000000ffc80000, 0x0000000100000000)
  eden space 435712K, 100% used [0x00000000d5580000,0x00000000eff00000,0x00000000eff00000)
  from space 127488K, 24% used [0x00000000eff00000,0x00000000f1daae78,0x00000000f7b80000)
  to   space 123392K, 0% used [0x00000000f8400000,0x00000000f8400000,0x00000000ffc80000)
 ParOldGen       total 487936K, used 428681K [0x0000000080000000, 0x000000009dc80000, 0x00000000d5580000)
  object space 487936K, 87% used [0x0000000080000000,0x000000009a2a2438,0x000000009dc80000)
 Metaspace       used 149156K, committed 151552K, reserved 557056K
  class space    used 20422K, committed 21568K, reserved 425984K
}
Event: 239.943 GC heap after
{Heap after GC invocations=94 (full 7):
 PSYoungGen      total 562688K, used 32826K [0x00000000d5580000, 0x00000000ff400000, 0x0000000100000000)
  eden space 448000K, 0% used [0x00000000d5580000,0x00000000d5580000,0x00000000f0b00000)
  from space 114688K, 28% used [0x00000000f8400000,0x00000000fa40ea60,0x00000000ff400000)
  to   space 119296K, 0% used [0x00000000f0b00000,0x00000000f0b00000,0x00000000f7f80000)
 ParOldGen       total 487936K, used 428689K [0x0000000080000000, 0x000000009dc80000, 0x00000000d5580000)
  object space 487936K, 87% used [0x0000000080000000,0x000000009a2a4438,0x000000009dc80000)
 Metaspace       used 149156K, committed 151552K, reserved 557056K
  class space    used 20422K, committed 21568K, reserved 425984K
}

