# JRE version: Java(TM) SE Runtime Environment (17.0.12+8) (build 17.0.12+8-LTS-286)
# Java VM: Java HotSpot(TM) 64-Bit Server VM (17.0.12+8-LTS-286, mixed mode, sharing, tiered, compressed oops, compressed class ptrs, parallel gc, windows-amd64)
GC Precious Log:
 CPUs: 12 total, 12 available
 Memory: 7863M
 Large Page Support: Disabled
 NUMA Support: Disabled
 Compressed Oops: Enabled (32-bit)
 Alignments: Space 512K, Generation 512K, Heap 2M
 Heap Min Capacity: 8M
 Heap Initial Capacity: 124M
 Heap Max Capacity: 2G
 Pre-touch: Disabled
 Parallel Workers: 10
Heap:
 PSYoungGen      total 43008K, used 29103K [0x00000000d5580000, 0x00000000d8d80000, 0x0000000100000000)
  eden space 30720K, 72% used [0x00000000d5580000,0x00000000d6b5e258,0x00000000d7380000)
  from space 12288K, 54% used [0x00000000d8180000,0x00000000d880dd58,0x00000000d8d80000)
  to   space 13312K, 0% used [0x00000000d7380000,0x00000000d7380000,0x00000000d8080000)
 ParOldGen       total 84992K, used 17900K [0x0000000080000000, 0x0000000085300000, 0x00000000d5580000)
  object space 84992K, 21% used [0x0000000080000000,0x000000008117b320,0x0000000085300000)
 Metaspace       used 20851K, committed 21184K, reserved 491520K
  class space    used 2901K, committed 3072K, reserved 425984K
GC Heap History (12 events):
Event: 0.239 GC heap before
{Heap before GC invocations=1 (full 0):
 PSYoungGen      total 36864K, used 31588K [0x00000000d5580000, 0x00000000d7e80000, 0x0000000100000000)
  eden space 31744K, 99% used [0x00000000d5580000,0x00000000d7459158,0x00000000d7480000)
  from space 5120K, 0% used [0x00000000d7980000,0x00000000d7980000,0x00000000d7e80000)
  to   space 5120K, 0% used [0x00000000d7480000,0x00000000d7480000,0x00000000d7980000)
 ParOldGen       total 84992K, used 0K [0x0000000080000000, 0x0000000085300000, 0x00000000d5580000)
  object space 84992K, 0% used [0x0000000080000000,0x0000000080000000,0x0000000085300000)
 Metaspace       used 1105K, committed 1280K, reserved 491520K
  class space    used 74K, committed 128K, reserved 425984K
}
Event: 1.495 GC heap after
{Heap after GC invocations=1 (full 0):
 PSYoungGen      total 36864K, used 5106K [0x00000000d5580000, 0x00000000d7e80000, 0x0000000100000000)
  eden space 31744K, 0% used [0x00000000d5580000,0x00000000d5580000,0x00000000d7480000)
  from space 5120K, 99% used [0x00000000d7480000,0x00000000d797c858,0x00000000d7980000)
  to   space 5120K, 0% used [0x00000000d7980000,0x00000000d7980000,0x00000000d7e80000)
 ParOldGen       total 84992K, used 6653K [0x0000000080000000, 0x0000000085300000, 0x00000000d5580000)
  object space 84992K, 7% used [0x0000000080000000,0x000000008067f650,0x0000000085300000)
 Metaspace       used 1105K, committed 1280K, reserved 491520K
  class space    used 74K, committed 128K, reserved 425984K
}
Event: 1.951 GC heap before
{Heap before GC invocations=2 (full 0):
 PSYoungGen      total 36864K, used 36850K [0x00000000d5580000, 0x00000000d7e80000, 0x0000000100000000)
  eden space 31744K, 100% used [0x00000000d5580000,0x00000000d7480000,0x00000000d7480000)
  from space 5120K, 99% used [0x00000000d7480000,0x00000000d797c858,0x00000000d7980000)
  to   space 5120K, 0% used [0x00000000d7980000,0x00000000d7980000,0x00000000d7e80000)
 ParOldGen       total 84992K, used 6653K [0x0000000080000000, 0x0000000085300000, 0x00000000d5580000)
  object space 84992K, 7% used [0x0000000080000000,0x000000008067f650,0x0000000085300000)
 Metaspace       used 4508K, committed 4672K, reserved 491520K
  class space    used 571K, committed 640K, reserved 425984K
}
Event: 3.970 GC heap after
{Heap after GC invocations=2 (full 0):
 PSYoungGen      total 36864K, used 5114K [0x00000000d5580000, 0x00000000d7e80000, 0x0000000100000000)
  eden space 31744K, 0% used [0x00000000d5580000,0x00000000d5580000,0x00000000d7480000)
  from space 5120K, 99% used [0x00000000d7980000,0x00000000d7e7e9d0,0x00000000d7e80000)
  to   space 5120K, 0% used [0x00000000d7480000,0x00000000d7480000,0x00000000d7980000)
 ParOldGen       total 84992K, used 8803K [0x0000000080000000, 0x0000000085300000, 0x00000000d5580000)
  object space 84992K, 10% used [0x0000000080000000,0x0000000080898e50,0x0000000085300000)
 Metaspace       used 4508K, committed 4672K, reserved 491520K
  class space    used 571K, committed 640K, reserved 425984K
}
Event: 4.203 GC heap before
{Heap before GC invocations=3 (full 0):
 PSYoungGen      total 36864K, used 36542K [0x00000000d5580000, 0x00000000d7e80000, 0x0000000100000000)
  eden space 31744K, 99% used [0x00000000d5580000,0x00000000d7431028,0x00000000d7480000)
  from space 5120K, 99% used [0x00000000d7980000,0x00000000d7e7e9d0,0x00000000d7e80000)
  to   space 5120K, 0% used [0x00000000d7480000,0x00000000d7480000,0x00000000d7980000)
 ParOldGen       total 84992K, used 8803K [0x0000000080000000, 0x0000000085300000, 0x00000000d5580000)
  object space 84992K, 10% used [0x0000000080000000,0x0000000080898e50,0x0000000085300000)
 Metaspace       used 4556K, committed 4736K, reserved 491520K
  class space    used 571K, committed 640K, reserved 425984K
}
Event: 4.205 GC heap after
{Heap after GC invocations=3 (full 0):
 PSYoungGen      total 36864K, used 5089K [0x00000000d5580000, 0x00000000d7e80000, 0x0000000100000000)
  eden space 31744K, 0% used [0x00000000d5580000,0x00000000d5580000,0x00000000d7480000)
  from space 5120K, 99% used [0x00000000d7480000,0x00000000d7978408,0x00000000d7980000)
  to   space 5120K, 0% used [0x00000000d7980000,0x00000000d7980000,0x00000000d7e80000)
 ParOldGen       total 84992K, used 9744K [0x0000000080000000, 0x0000000085300000, 0x00000000d5580000)
  object space 84992K, 11% used [0x0000000080000000,0x0000000080984078,0x0000000085300000)
 Metaspace       used 4556K, committed 4736K, reserved 491520K
  class space    used 571K, committed 640K, reserved 425984K
}
Event: 4.729 GC heap before
{Heap before GC invocations=4 (full 0):
 PSYoungGen      total 36864K, used 36833K [0x00000000d5580000, 0x00000000d7e80000, 0x0000000100000000)
  eden space 31744K, 100% used [0x00000000d5580000,0x00000000d7480000,0x00000000d7480000)
  from space 5120K, 99% used [0x00000000d7480000,0x00000000d7978408,0x00000000d7980000)
  to   space 5120K, 0% used [0x00000000d7980000,0x00000000d7980000,0x00000000d7e80000)
 ParOldGen       total 84992K, used 9744K [0x0000000080000000, 0x0000000085300000, 0x00000000d5580000)
  object space 84992K, 11% used [0x0000000080000000,0x0000000080984078,0x0000000085300000)
 Metaspace       used 8352K, committed 8576K, reserved 491520K
  class space    used 1119K, committed 1216K, reserved 425984K
}
Event: 4.733 GC heap after
{Heap after GC invocations=4 (full 0):
 PSYoungGen      total 36864K, used 5105K [0x00000000d5580000, 0x00000000d7e80000, 0x0000000100000000)
  eden space 31744K, 0% used [0x00000000d5580000,0x00000000d5580000,0x00000000d7480000)
  from space 5120K, 99% used [0x00000000d7980000,0x00000000d7e7c720,0x00000000d7e80000)
  to   space 5120K, 0% used [0x00000000d7480000,0x00000000d7480000,0x00000000d7980000)
 ParOldGen       total 84992K, used 15615K [0x0000000080000000, 0x0000000085300000, 0x00000000d5580000)
  object space 84992K, 18% used [0x0000000080000000,0x0000000080f3ff20,0x0000000085300000)
 Metaspace       used 8352K, committed 8576K, reserved 491520K
  class space    used 1119K, committed 1216K, reserved 425984K
}
Event: 5.155 GC heap before
{Heap before GC invocations=5 (full 0):
 PSYoungGen      total 36864K, used 36849K [0x00000000d5580000, 0x00000000d7e80000, 0x0000000100000000)
  eden space 31744K, 100% used [0x00000000d5580000,0x00000000d7480000,0x00000000d7480000)
  from space 5120K, 99% used [0x00000000d7980000,0x00000000d7e7c720,0x00000000d7e80000)
  to   space 5120K, 0% used [0x00000000d7480000,0x00000000d7480000,0x00000000d7980000)
 ParOldGen       total 84992K, used 15615K [0x0000000080000000, 0x0000000085300000, 0x00000000d5580000)
  object space 84992K, 18% used [0x0000000080000000,0x0000000080f3ff20,0x0000000085300000)
 Metaspace       used 13696K, committed 13888K, reserved 491520K
  class space    used 1892K, committed 1984K, reserved 425984K
}
Event: 5.159 GC heap after
{Heap after GC invocations=5 (full 0):
 PSYoungGen      total 36352K, used 5106K [0x00000000d5580000, 0x00000000d8f00000, 0x0000000100000000)
  eden space 31232K, 0% used [0x00000000d5580000,0x00000000d5580000,0x00000000d7400000)
  from space 5120K, 99% used [0x00000000d7480000,0x00000000d797c818,0x00000000d7980000)
  to   space 13824K, 0% used [0x00000000d8180000,0x00000000d8180000,0x00000000d8f00000)
 ParOldGen       total 84992K, used 17892K [0x0000000080000000, 0x0000000085300000, 0x00000000d5580000)
  object space 84992K, 21% used [0x0000000080000000,0x0000000081179320,0x0000000085300000)
 Metaspace       used 13696K, committed 13888K, reserved 491520K
  class space    used 1892K, committed 1984K, reserved 425984K
}
Event: 5.526 GC heap before
{Heap before GC invocations=6 (full 0):
 PSYoungGen      total 36352K, used 36338K [0x00000000d5580000, 0x00000000d8f00000, 0x0000000100000000)
  eden space 31232K, 100% used [0x00000000d5580000,0x00000000d7400000,0x00000000d7400000)
  from space 5120K, 99% used [0x00000000d7480000,0x00000000d797c818,0x00000000d7980000)
  to   space 13824K, 0% used [0x00000000d8180000,0x00000000d8180000,0x00000000d8f00000)
 ParOldGen       total 84992K, used 17892K [0x0000000080000000, 0x0000000085300000, 0x00000000d5580000)
  object space 84992K, 21% used [0x0000000080000000,0x0000000081179320,0x0000000085300000)
 Metaspace       used 18226K, committed 18496K, reserved 491520K
  class space    used 2469K, committed 2560K, reserved 425984K
}
Event: 5.530 GC heap after
{Heap after GC invocations=6 (full 0):
 PSYoungGen      total 43008K, used 6711K [0x00000000d5580000, 0x00000000d8d80000, 0x0000000100000000)
  eden space 30720K, 0% used [0x00000000d5580000,0x00000000d5580000,0x00000000d7380000)
  from space 12288K, 54% used [0x00000000d8180000,0x00000000d880dd58,0x00000000d8d80000)
  to   space 13312K, 0% used [0x00000000d7380000,0x00000000d7380000,0x00000000d8080000)
 ParOldGen       total 84992K, used 17900K [0x0000000080000000, 0x0000000085300000, 0x00000000d5580000)
  object space 84992K, 21% used [0x0000000080000000,0x000000008117b320,0x0000000085300000)
 Metaspace       used 18226K, committed 18496K, reserved 491520K
  class space    used 2469K, committed 2560K, reserved 425984K
}

