# JRE version: Java(TM) SE Runtime Environment (17.0.12+8) (build 17.0.12+8-LTS-286)
# Java VM: Java HotSpot(TM) 64-Bit Server VM (17.0.12+8-LTS-286, mixed mode, sharing, tiered, compressed oops, compressed class ptrs, g1 gc, windows-amd64)
GC Precious Log:
 CPUs: 12 total, 12 available
 Memory: 7863M
 Large Page Support: Disabled
 NUMA Support: Disabled
 Compressed Oops: Enabled (32-bit)
 Heap Region Size: 1M
 Heap Min Capacity: 8M
 Heap Initial Capacity: 124M
 Heap Max Capacity: 1966M
 Pre-touch: Disabled
 Parallel Workers: 10
 Concurrent Workers: 3
 Concurrent Refinement Workers: 10
 Periodic GC: Disabled
Heap:
 garbage-first heap   total 102400K, used 50683K [0x0000000085200000, 0x0000000100000000)
  region size 1024K, 8 young (8192K), 3 survivors (3072K)
 Metaspace       used 44691K, committed 44928K, reserved 1114112K
  class space    used 5276K, committed 5376K, reserved 1048576K
GC Heap History (20 events):
Event: 1.904 GC heap before
{Heap before GC invocations=1 (full 0):
 garbage-first heap   total 126976K, used 38812K [0x0000000085200000, 0x0000000100000000)
  region size 1024K, 35 young (35840K), 3 survivors (3072K)
 Metaspace       used 13743K, committed 13952K, reserved 1114112K
  class space    used 1480K, committed 1600K, reserved 1048576K
}
Event: 1.924 GC heap after
{Heap after GC invocations=2 (full 0):
 garbage-first heap   total 126976K, used 11943K [0x0000000085200000, 0x0000000100000000)
  region size 1024K, 5 young (5120K), 5 survivors (5120K)
 Metaspace       used 13743K, committed 13952K, reserved 1114112K
  class space    used 1480K, committed 1600K, reserved 1048576K
}
Event: 3.111 GC heap before
{Heap before GC invocations=2 (full 0):
 garbage-first heap   total 126976K, used 38567K [0x0000000085200000, 0x0000000100000000)
  region size 1024K, 32 young (32768K), 5 survivors (5120K)
 Metaspace       used 21342K, committed 21504K, reserved 1114112K
  class space    used 2805K, committed 2880K, reserved 1048576K
}
Event: 3.126 GC heap after
{Heap after GC invocations=3 (full 0):
 garbage-first heap   total 126976K, used 14428K [0x0000000085200000, 0x0000000100000000)
  region size 1024K, 8 young (8192K), 8 survivors (8192K)
 Metaspace       used 21342K, committed 21504K, reserved 1114112K
  class space    used 2805K, committed 2880K, reserved 1048576K
}
Event: 3.725 GC heap before
{Heap before GC invocations=4 (full 0):
 garbage-first heap   total 55296K, used 39004K [0x0000000085200000, 0x0000000100000000)
  region size 1024K, 32 young (32768K), 8 survivors (8192K)
 Metaspace       used 25379K, committed 25600K, reserved 1114112K
  class space    used 3240K, committed 3328K, reserved 1048576K
}
Event: 3.740 GC heap after
{Heap after GC invocations=5 (full 0):
 garbage-first heap   total 55296K, used 16526K [0x0000000085200000, 0x0000000100000000)
  region size 1024K, 3 young (3072K), 3 survivors (3072K)
 Metaspace       used 25379K, committed 25600K, reserved 1114112K
  class space    used 3240K, committed 3328K, reserved 1048576K
}
Event: 3.774 GC heap before
{Heap before GC invocations=5 (full 0):
 garbage-first heap   total 55296K, used 16526K [0x0000000085200000, 0x0000000100000000)
  region size 1024K, 4 young (4096K), 3 survivors (3072K)
 Metaspace       used 25633K, committed 25856K, reserved 1114112K
  class space    used 3268K, committed 3392K, reserved 1048576K
}
Event: 3.780 GC heap after
{Heap after GC invocations=6 (full 0):
 garbage-first heap   total 55296K, used 17552K [0x0000000085200000, 0x0000000100000000)
  region size 1024K, 1 young (1024K), 1 survivors (1024K)
 Metaspace       used 25633K, committed 25856K, reserved 1114112K
  class space    used 3268K, committed 3392K, reserved 1048576K
}
Event: 4.608 GC heap before
{Heap before GC invocations=6 (full 0):
 garbage-first heap   total 55296K, used 38032K [0x0000000085200000, 0x0000000100000000)
  region size 1024K, 22 young (22528K), 1 survivors (1024K)
 Metaspace       used 30523K, committed 30784K, reserved 1114112K
  class space    used 3739K, committed 3840K, reserved 1048576K
}
Event: 4.620 GC heap after
{Heap after GC invocations=7 (full 0):
 garbage-first heap   total 84992K, used 19637K [0x0000000085200000, 0x0000000100000000)
  region size 1024K, 3 young (3072K), 3 survivors (3072K)
 Metaspace       used 30523K, committed 30784K, reserved 1114112K
  class space    used 3739K, committed 3840K, reserved 1048576K
}
Event: 6.105 GC heap before
{Heap before GC invocations=7 (full 0):
 garbage-first heap   total 84992K, used 58549K [0x0000000085200000, 0x0000000100000000)
  region size 1024K, 41 young (41984K), 3 survivors (3072K)
 Metaspace       used 35101K, committed 35392K, reserved 1114112K
  class space    used 4170K, committed 4288K, reserved 1048576K
}
Event: 6.125 GC heap after
{Heap after GC invocations=8 (full 0):
 garbage-first heap   total 84992K, used 26306K [0x0000000085200000, 0x0000000100000000)
  region size 1024K, 6 young (6144K), 6 survivors (6144K)
 Metaspace       used 35101K, committed 35392K, reserved 1114112K
  class space    used 4170K, committed 4288K, reserved 1048576K
}
Event: 6.233 GC heap before
{Heap before GC invocations=8 (full 0):
 garbage-first heap   total 84992K, used 29378K [0x0000000085200000, 0x0000000100000000)
  region size 1024K, 10 young (10240K), 6 survivors (6144K)
 Metaspace       used 35742K, committed 35968K, reserved 1114112K
  class space    used 4237K, committed 4352K, reserved 1048576K
}
Event: 6.252 GC heap after
{Heap after GC invocations=9 (full 0):
 garbage-first heap   total 84992K, used 27339K [0x0000000085200000, 0x0000000100000000)
  region size 1024K, 1 young (1024K), 1 survivors (1024K)
 Metaspace       used 35742K, committed 35968K, reserved 1114112K
  class space    used 4237K, committed 4352K, reserved 1048576K
}
Event: 6.718 GC heap before
{Heap before GC invocations=10 (full 0):
 garbage-first heap   total 84992K, used 61131K [0x0000000085200000, 0x0000000100000000)
  region size 1024K, 33 young (33792K), 1 survivors (1024K)
 Metaspace       used 36724K, committed 36992K, reserved 1114112K
  class space    used 4346K, committed 4480K, reserved 1048576K
}
Event: 6.743 GC heap after
{Heap after GC invocations=11 (full 0):
 garbage-first heap   total 84992K, used 38389K [0x0000000085200000, 0x0000000100000000)
  region size 1024K, 5 young (5120K), 5 survivors (5120K)
 Metaspace       used 36724K, committed 36992K, reserved 1114112K
  class space    used 4346K, committed 4480K, reserved 1048576K
}
Event: 7.997 GC heap before
{Heap before GC invocations=11 (full 0):
 garbage-first heap   total 84992K, used 59893K [0x0000000085200000, 0x0000000100000000)
  region size 1024K, 27 young (27648K), 5 survivors (5120K)
 Metaspace       used 42841K, committed 43136K, reserved 1114112K
  class space    used 5115K, committed 5248K, reserved 1048576K
}
Event: 8.016 GC heap after
{Heap after GC invocations=12 (full 0):
 garbage-first heap   total 84992K, used 41355K [0x0000000085200000, 0x0000000100000000)
  region size 1024K, 3 young (3072K), 3 survivors (3072K)
 Metaspace       used 42841K, committed 43136K, reserved 1114112K
  class space    used 5115K, committed 5248K, reserved 1048576K
}
Event: 9.033 GC heap before
{Heap before GC invocations=12 (full 0):
 garbage-first heap   total 84992K, used 62859K [0x0000000085200000, 0x0000000100000000)
  region size 1024K, 24 young (24576K), 3 survivors (3072K)
 Metaspace       used 44444K, committed 44672K, reserved 1114112K
  class space    used 5247K, committed 5376K, reserved 1048576K
}
Event: 9.057 GC heap after
{Heap after GC invocations=13 (full 0):
 garbage-first heap   total 102400K, used 46587K [0x0000000085200000, 0x0000000100000000)
  region size 1024K, 3 young (3072K), 3 survivors (3072K)
 Metaspace       used 44444K, committed 44672K, reserved 1114112K
  class space    used 5247K, committed 5376K, reserved 1048576K
}

