# JRE version: Java(TM) SE Runtime Environment (17.0.12+8) (build 17.0.12+8-LTS-286)
# Java VM: Java HotSpot(TM) 64-Bit Server VM (17.0.12+8-LTS-286, mixed mode, sharing, tiered, compressed oops, compressed class ptrs, parallel gc, windows-amd64)
GC Precious Log:
 CPUs: 12 total, 12 available
 Memory: 7863M
 Large Page Support: Disabled
 NUMA Support: Disabled
 Compressed Oops: Enabled (32-bit)
 Alignments: Space 512K, Generation 512K, Heap 2M
 Heap Min Capacity: 8M
 Heap Initial Capacity: 124M
 Heap Max Capacity: 2G
 Pre-touch: Disabled
 Parallel Workers: 10
Heap:
 PSYoungGen      total 434176K, used 324352K [0x00000000d5580000, 0x00000000f5080000, 0x0000000100000000)
  eden space 370688K, 76% used [0x00000000d5580000,0x00000000e6b02298,0x00000000ebf80000)
  from space 63488K, 63% used [0x00000000f1280000,0x00000000f39bdfc0,0x00000000f5080000)
  to   space 74240K, 0% used [0x00000000ebf80000,0x00000000ebf80000,0x00000000f0800000)
 ParOldGen       total 383488K, used 249496K [0x0000000080000000, 0x0000000097680000, 0x00000000d5580000)
  object space 383488K, 65% used [0x0000000080000000,0x000000008f3a6008,0x0000000097680000)
 Metaspace       used 159813K, committed 162368K, reserved 622592K
  class space    used 20895K, committed 22080K, reserved 425984K
GC Heap History (20 events):
Event: 46.822 GC heap before
{Heap before GC invocations=30 (full 5):
 PSYoungGen      total 266240K, used 236481K [0x00000000d5580000, 0x00000000ea700000, 0x0000000100000000)
  eden space 218112K, 100% used [0x00000000d5580000,0x00000000e2a80000,0x00000000e2a80000)
  from space 48128K, 38% used [0x00000000e5a00000,0x00000000e6bf0410,0x00000000e8900000)
  to   space 48640K, 0% used [0x00000000e2a80000,0x00000000e2a80000,0x00000000e5a00000)
 ParOldGen       total 256512K, used 155332K [0x0000000080000000, 0x000000008fa80000, 0x00000000d5580000)
  object space 256512K, 60% used [0x0000000080000000,0x00000000897b1258,0x000000008fa80000)
 Metaspace       used 114790K, committed 116864K, reserved 557056K
  class space    used 16054K, committed 17024K, reserved 425984K
}
Event: 46.849 GC heap after
{Heap after GC invocations=30 (full 5):
 PSYoungGen      total 266752K, used 27292K [0x00000000d5580000, 0x00000000ea680000, 0x0000000100000000)
  eden space 218112K, 0% used [0x00000000d5580000,0x00000000d5580000,0x00000000e2a80000)
  from space 48640K, 56% used [0x00000000e2a80000,0x00000000e45273b8,0x00000000e5a00000)
  to   space 48128K, 0% used [0x00000000e7780000,0x00000000e7780000,0x00000000ea680000)
 ParOldGen       total 256512K, used 166535K [0x0000000080000000, 0x000000008fa80000, 0x00000000d5580000)
  object space 256512K, 64% used [0x0000000080000000,0x000000008a2a1ee8,0x000000008fa80000)
 Metaspace       used 114790K, committed 116864K, reserved 557056K
  class space    used 16054K, committed 17024K, reserved 425984K
}
Event: 50.346 GC heap before
{Heap before GC invocations=31 (full 5):
 PSYoungGen      total 266752K, used 245404K [0x00000000d5580000, 0x00000000ea680000, 0x0000000100000000)
  eden space 218112K, 100% used [0x00000000d5580000,0x00000000e2a80000,0x00000000e2a80000)
  from space 48640K, 56% used [0x00000000e2a80000,0x00000000e45273b8,0x00000000e5a00000)
  to   space 48128K, 0% used [0x00000000e7780000,0x00000000e7780000,0x00000000ea680000)
 ParOldGen       total 256512K, used 166535K [0x0000000080000000, 0x000000008fa80000, 0x00000000d5580000)
  object space 256512K, 64% used [0x0000000080000000,0x000000008a2a1ee8,0x000000008fa80000)
 Metaspace       used 121328K, committed 123392K, reserved 557056K
  class space    used 16966K, committed 17984K, reserved 425984K
}
Event: 50.368 GC heap after
{Heap after GC invocations=31 (full 5):
 PSYoungGen      total 291840K, used 41856K [0x00000000d5580000, 0x00000000eaf00000, 0x0000000100000000)
  eden space 243712K, 0% used [0x00000000d5580000,0x00000000d5580000,0x00000000e4380000)
  from space 48128K, 86% used [0x00000000e7780000,0x00000000ea0601f0,0x00000000ea680000)
  to   space 53248K, 0% used [0x00000000e4380000,0x00000000e4380000,0x00000000e7780000)
 ParOldGen       total 256512K, used 166607K [0x0000000080000000, 0x000000008fa80000, 0x00000000d5580000)
  object space 256512K, 64% used [0x0000000080000000,0x000000008a2b3ef8,0x000000008fa80000)
 Metaspace       used 121328K, committed 123392K, reserved 557056K
  class space    used 16966K, committed 17984K, reserved 425984K
}
Event: 93.084 GC heap before
{Heap before GC invocations=32 (full 5):
 PSYoungGen      total 291840K, used 285568K [0x00000000d5580000, 0x00000000eaf00000, 0x0000000100000000)
  eden space 243712K, 100% used [0x00000000d5580000,0x00000000e4380000,0x00000000e4380000)
  from space 48128K, 86% used [0x00000000e7780000,0x00000000ea0601f0,0x00000000ea680000)
  to   space 53248K, 0% used [0x00000000e4380000,0x00000000e4380000,0x00000000e7780000)
 ParOldGen       total 256512K, used 166607K [0x0000000080000000, 0x000000008fa80000, 0x00000000d5580000)
  object space 256512K, 64% used [0x0000000080000000,0x000000008a2b3ef8,0x000000008fa80000)
 Metaspace       used 126214K, committed 128448K, reserved 557056K
  class space    used 17486K, committed 18560K, reserved 425984K
}
Event: 93.316 GC heap after
{Heap after GC invocations=32 (full 5):
 PSYoungGen      total 296960K, used 53230K [0x00000000d5580000, 0x00000000ee480000, 0x0000000100000000)
  eden space 243712K, 0% used [0x00000000d5580000,0x00000000d5580000,0x00000000e4380000)
  from space 53248K, 99% used [0x00000000e4380000,0x00000000e777bad0,0x00000000e7780000)
  to   space 67072K, 0% used [0x00000000ea300000,0x00000000ea300000,0x00000000ee480000)
 ParOldGen       total 256512K, used 182291K [0x0000000080000000, 0x000000008fa80000, 0x00000000d5580000)
  object space 256512K, 71% used [0x0000000080000000,0x000000008b204f98,0x000000008fa80000)
 Metaspace       used 126214K, committed 128448K, reserved 557056K
  class space    used 17486K, committed 18560K, reserved 425984K
}
Event: 174.600 GC heap before
{Heap before GC invocations=33 (full 5):
 PSYoungGen      total 296960K, used 296942K [0x00000000d5580000, 0x00000000ee480000, 0x0000000100000000)
  eden space 243712K, 100% used [0x00000000d5580000,0x00000000e4380000,0x00000000e4380000)
  from space 53248K, 99% used [0x00000000e4380000,0x00000000e777bad0,0x00000000e7780000)
  to   space 67072K, 0% used [0x00000000ea300000,0x00000000ea300000,0x00000000ee480000)
 ParOldGen       total 256512K, used 182291K [0x0000000080000000, 0x000000008fa80000, 0x00000000d5580000)
  object space 256512K, 71% used [0x0000000080000000,0x000000008b204f98,0x000000008fa80000)
 Metaspace       used 126515K, committed 128768K, reserved 557056K
  class space    used 17518K, committed 18560K, reserved 425984K
}
Event: 174.743 GC heap after
{Heap after GC invocations=33 (full 5):
 PSYoungGen      total 333312K, used 37142K [0x00000000d5580000, 0x00000000ee000000, 0x0000000100000000)
  eden space 270848K, 0% used [0x00000000d5580000,0x00000000d5580000,0x00000000e5e00000)
  from space 62464K, 59% used [0x00000000ea300000,0x00000000ec745858,0x00000000ee000000)
  to   space 66560K, 0% used [0x00000000e5e00000,0x00000000e5e00000,0x00000000e9f00000)
 ParOldGen       total 256512K, used 201119K [0x0000000080000000, 0x000000008fa80000, 0x00000000d5580000)
  object space 256512K, 78% used [0x0000000080000000,0x000000008c467f20,0x000000008fa80000)
 Metaspace       used 126515K, committed 128768K, reserved 557056K
  class space    used 17518K, committed 18560K, reserved 425984K
}
Event: 189.541 GC heap before
{Heap before GC invocations=34 (full 5):
 PSYoungGen      total 333312K, used 307990K [0x00000000d5580000, 0x00000000ee000000, 0x0000000100000000)
  eden space 270848K, 100% used [0x00000000d5580000,0x00000000e5e00000,0x00000000e5e00000)
  from space 62464K, 59% used [0x00000000ea300000,0x00000000ec745858,0x00000000ee000000)
  to   space 66560K, 0% used [0x00000000e5e00000,0x00000000e5e00000,0x00000000e9f00000)
 ParOldGen       total 256512K, used 201119K [0x0000000080000000, 0x000000008fa80000, 0x00000000d5580000)
  object space 256512K, 78% used [0x0000000080000000,0x000000008c467f20,0x000000008fa80000)
 Metaspace       used 128629K, committed 130880K, reserved 557056K
  class space    used 17706K, committed 18752K, reserved 425984K
}
Event: 189.615 GC heap after
{Heap after GC invocations=34 (full 5):
 PSYoungGen      total 337408K, used 66547K [0x00000000d5580000, 0x00000000f1500000, 0x0000000100000000)
  eden space 270848K, 0% used [0x00000000d5580000,0x00000000d5580000,0x00000000e5e00000)
  from space 66560K, 99% used [0x00000000e5e00000,0x00000000e9efcf18,0x00000000e9f00000)
  to   space 79360K, 0% used [0x00000000ec780000,0x00000000ec780000,0x00000000f1500000)
 ParOldGen       total 256512K, used 208790K [0x0000000080000000, 0x000000008fa80000, 0x00000000d5580000)
  object space 256512K, 81% used [0x0000000080000000,0x000000008cbe5af0,0x000000008fa80000)
 Metaspace       used 128629K, committed 130880K, reserved 557056K
  class space    used 17706K, committed 18752K, reserved 425984K
}
Event: 194.580 GC heap before
{Heap before GC invocations=35 (full 5):
 PSYoungGen      total 337408K, used 337395K [0x00000000d5580000, 0x00000000f1500000, 0x0000000100000000)
  eden space 270848K, 100% used [0x00000000d5580000,0x00000000e5e00000,0x00000000e5e00000)
  from space 66560K, 99% used [0x00000000e5e00000,0x00000000e9efcf18,0x00000000e9f00000)
  to   space 79360K, 0% used [0x00000000ec780000,0x00000000ec780000,0x00000000f1500000)
 ParOldGen       total 256512K, used 208790K [0x0000000080000000, 0x000000008fa80000, 0x00000000d5580000)
  object space 256512K, 81% used [0x0000000080000000,0x000000008cbe5af0,0x000000008fa80000)
 Metaspace       used 133073K, committed 135360K, reserved 557056K
  class space    used 18090K, committed 19200K, reserved 425984K
}
Event: 194.676 GC heap after
{Heap after GC invocations=35 (full 5):
 PSYoungGen      total 378368K, used 46961K [0x00000000d5580000, 0x00000000f1e80000, 0x0000000100000000)
  eden space 299008K, 0% used [0x00000000d5580000,0x00000000d5580000,0x00000000e7980000)
  from space 79360K, 59% used [0x00000000ec780000,0x00000000ef55c7f8,0x00000000f1500000)
  to   space 79872K, 0% used [0x00000000e7980000,0x00000000e7980000,0x00000000ec780000)
 ParOldGen       total 256512K, used 240983K [0x0000000080000000, 0x000000008fa80000, 0x00000000d5580000)
  object space 256512K, 93% used [0x0000000080000000,0x000000008eb55c70,0x000000008fa80000)
 Metaspace       used 133073K, committed 135360K, reserved 557056K
  class space    used 18090K, committed 19200K, reserved 425984K
}
Event: 194.677 GC heap before
{Heap before GC invocations=36 (full 6):
 PSYoungGen      total 378368K, used 46961K [0x00000000d5580000, 0x00000000f1e80000, 0x0000000100000000)
  eden space 299008K, 0% used [0x00000000d5580000,0x00000000d5580000,0x00000000e7980000)
  from space 79360K, 59% used [0x00000000ec780000,0x00000000ef55c7f8,0x00000000f1500000)
  to   space 79872K, 0% used [0x00000000e7980000,0x00000000e7980000,0x00000000ec780000)
 ParOldGen       total 256512K, used 240983K [0x0000000080000000, 0x000000008fa80000, 0x00000000d5580000)
  object space 256512K, 93% used [0x0000000080000000,0x000000008eb55c70,0x000000008fa80000)
 Metaspace       used 133073K, committed 135360K, reserved 557056K
  class space    used 18090K, committed 19200K, reserved 425984K
}
Event: 195.399 GC heap after
{Heap after GC invocations=36 (full 6):
 PSYoungGen      total 378880K, used 0K [0x00000000d5580000, 0x00000000f4280000, 0x0000000100000000)
  eden space 299008K, 0% used [0x00000000d5580000,0x00000000d5580000,0x00000000e7980000)
  from space 79872K, 0% used [0x00000000e7980000,0x00000000e7980000,0x00000000ec780000)
  to   space 79872K, 0% used [0x00000000ef480000,0x00000000ef480000,0x00000000f4280000)
 ParOldGen       total 383488K, used 249472K [0x0000000080000000, 0x0000000097680000, 0x00000000d5580000)
  object space 383488K, 65% used [0x0000000080000000,0x000000008f3a0008,0x0000000097680000)
 Metaspace       used 133073K, committed 135360K, reserved 557056K
  class space    used 18090K, committed 19200K, reserved 425984K
}
Event: 204.683 GC heap before
{Heap before GC invocations=37 (full 6):
 PSYoungGen      total 378880K, used 299008K [0x00000000d5580000, 0x00000000f4280000, 0x0000000100000000)
  eden space 299008K, 100% used [0x00000000d5580000,0x00000000e7980000,0x00000000e7980000)
  from space 79872K, 0% used [0x00000000e7980000,0x00000000e7980000,0x00000000ec780000)
  to   space 79872K, 0% used [0x00000000ef480000,0x00000000ef480000,0x00000000f4280000)
 ParOldGen       total 383488K, used 249472K [0x0000000080000000, 0x0000000097680000, 0x00000000d5580000)
  object space 383488K, 65% used [0x0000000080000000,0x000000008f3a0008,0x0000000097680000)
 Metaspace       used 137282K, committed 139648K, reserved 557056K
  class space    used 18592K, committed 19712K, reserved 425984K
}
Event: 204.695 GC heap after
{Heap after GC invocations=37 (full 6):
 PSYoungGen      total 412672K, used 10269K [0x00000000d5580000, 0x00000000f3c00000, 0x0000000100000000)
  eden space 339456K, 0% used [0x00000000d5580000,0x00000000d5580000,0x00000000ea100000)
  from space 73216K, 14% used [0x00000000ef480000,0x00000000efe87718,0x00000000f3c00000)
  to   space 79360K, 0% used [0x00000000ea100000,0x00000000ea100000,0x00000000eee80000)
 ParOldGen       total 383488K, used 249480K [0x0000000080000000, 0x0000000097680000, 0x00000000d5580000)
  object space 383488K, 65% used [0x0000000080000000,0x000000008f3a2008,0x0000000097680000)
 Metaspace       used 137282K, committed 139648K, reserved 557056K
  class space    used 18592K, committed 19712K, reserved 425984K
}
Event: 214.720 GC heap before
{Heap before GC invocations=38 (full 6):
 PSYoungGen      total 412672K, used 349725K [0x00000000d5580000, 0x00000000f3c00000, 0x0000000100000000)
  eden space 339456K, 100% used [0x00000000d5580000,0x00000000ea100000,0x00000000ea100000)
  from space 73216K, 14% used [0x00000000ef480000,0x00000000efe87718,0x00000000f3c00000)
  to   space 79360K, 0% used [0x00000000ea100000,0x00000000ea100000,0x00000000eee80000)
 ParOldGen       total 383488K, used 249480K [0x0000000080000000, 0x0000000097680000, 0x00000000d5580000)
  object space 383488K, 65% used [0x0000000080000000,0x000000008f3a2008,0x0000000097680000)
 Metaspace       used 148959K, committed 151360K, reserved 557056K
  class space    used 19930K, committed 21056K, reserved 425984K
}
Event: 214.740 GC heap after
{Heap after GC invocations=38 (full 6):
 PSYoungGen      total 418816K, used 28157K [0x00000000d5580000, 0x00000000f5c80000, 0x0000000100000000)
  eden space 339456K, 0% used [0x00000000d5580000,0x00000000d5580000,0x00000000ea100000)
  from space 79360K, 35% used [0x00000000ea100000,0x00000000ebc7f720,0x00000000eee80000)
  to   space 75776K, 0% used [0x00000000f1280000,0x00000000f1280000,0x00000000f5c80000)
 ParOldGen       total 383488K, used 249488K [0x0000000080000000, 0x0000000097680000, 0x00000000d5580000)
  object space 383488K, 65% used [0x0000000080000000,0x000000008f3a4008,0x0000000097680000)
 Metaspace       used 148959K, committed 151360K, reserved 557056K
  class space    used 19930K, committed 21056K, reserved 425984K
}
Event: 222.611 GC heap before
{Heap before GC invocations=39 (full 6):
 PSYoungGen      total 418816K, used 367613K [0x00000000d5580000, 0x00000000f5c80000, 0x0000000100000000)
  eden space 339456K, 100% used [0x00000000d5580000,0x00000000ea100000,0x00000000ea100000)
  from space 79360K, 35% used [0x00000000ea100000,0x00000000ebc7f720,0x00000000eee80000)
  to   space 75776K, 0% used [0x00000000f1280000,0x00000000f1280000,0x00000000f5c80000)
 ParOldGen       total 383488K, used 249488K [0x0000000080000000, 0x0000000097680000, 0x00000000d5580000)
  object space 383488K, 65% used [0x0000000080000000,0x000000008f3a4008,0x0000000097680000)
 Metaspace       used 155426K, committed 157952K, reserved 622592K
  class space    used 20425K, committed 21568K, reserved 425984K
}
Event: 222.632 GC heap after
{Heap after GC invocations=39 (full 6):
 PSYoungGen      total 434176K, used 40183K [0x00000000d5580000, 0x00000000f5080000, 0x0000000100000000)
  eden space 370688K, 0% used [0x00000000d5580000,0x00000000d5580000,0x00000000ebf80000)
  from space 63488K, 63% used [0x00000000f1280000,0x00000000f39bdfc0,0x00000000f5080000)
  to   space 74240K, 0% used [0x00000000ebf80000,0x00000000ebf80000,0x00000000f0800000)
 ParOldGen       total 383488K, used 249496K [0x0000000080000000, 0x0000000097680000, 0x00000000d5580000)
  object space 383488K, 65% used [0x0000000080000000,0x000000008f3a6008,0x0000000097680000)
 Metaspace       used 155426K, committed 157952K, reserved 622592K
  class space    used 20425K, committed 21568K, reserved 425984K
}

